You need to run this script as root
You need to run this script as root
One argument - a dir - should be specified. -h is not a known dir
You need to run this script as root
One argument - a dir - should be specified. -help is not a known dir
You need to run this script as root
One argument - a dir - should be specified. --help is not a known dir
You need to run this script as root
One argument - a dir - should be specified. --help is not a known dir
You need to run this script as root
One argument - a dir - should be specified. --help is not a known dir
You need to run this script as root
One argument - a dir - should be specified. --help is not a known dir
You need to run this script as root
One argument - a dir - should be specified. --help is not a known dir
You need to run this script as root
One argument - a dir - should be specified. --help is not a known dir
You need to run this script as root
One argument - a dir - should be specified. --help is not a known dir
You need to run this script as root
One argument - a dir - should be specified. --help is not a known dir
You need to run this script as root
You need to run this script as root
You need to run this script as root
You need to run this script as root
You need to run this script as root
You need to run this script as root
You need to run this script as root
You need to run this script as root
One argument - a dir - should be specified. --help is not a known dir
You need to run this script as root
One argument - a dir - should be specified. --help is not a known dir
You need to run this script as root
One argument - a dir - should be specified. --help is not a known dir
You need to run this script as root
One argument - a dir - should be specified. - is not a known dir
You need to run this script as root
